<?xml version="1.0" encoding="UTF-8"?>
<!-- Generated by org.testng.reporters.JUnitReportReporter -->
<testsuite skipped="0" hostname="RHJ-14F-D547" name="com.scripts.creditmemo.creation.TS_NS_20_Creditmemo_Generation_FullPayment" tests="1" failures="0" timestamp="11 Mar 2020 13:53:00 GMT" time="89.646" errors="0">
  <testcase name="TS_NS_20_Creditmemo_Generation_FullPayment" time="89.646" classname="com.scripts.creditmemo.creation.TS_NS_20_Creditmemo_Generation_FullPayment"/>
</testsuite> <!-- com.scripts.creditmemo.creation.TS_NS_20_Creditmemo_Generation_FullPayment -->
