<?xml version="1.0" encoding="UTF-8"?>
<!-- Generated by org.testng.reporters.JUnitReportReporter -->
<testsuite skipped="0" hostname="RHJ-14F-D547" name="com.scripts.iHeart.TS_NS_6695_IssueCreditToClient" tests="1" failures="0" timestamp="17 Feb 2020 10:27:39 GMT" time="255.895" errors="0">
  <testcase name="issueCreditToclient" time="255.895" classname="com.scripts.iHeart.TS_NS_6695_IssueCreditToClient"/>
</testsuite> <!-- com.scripts.iHeart.TS_NS_6695_IssueCreditToClient -->
