<?xml version="1.0" encoding="UTF-8"?>
<!-- Generated by org.testng.reporters.JUnitReportReporter -->
<testsuite skipped="0" hostname="RHJ-14F-D547" name="com.scripts.creditmemo.creation.TS_NST_Market_Invoice_Rebill" tests="1" failures="0" timestamp="11 Mar 2020 06:53:30 GMT" time="517.004" errors="0">
  <testcase name="TS_NST_Creitmemo_Generation" time="517.004" classname="com.scripts.creditmemo.creation.TS_NST_Market_Invoice_Rebill"/>
</testsuite> <!-- com.scripts.creditmemo.creation.TS_NST_Market_Invoice_Rebill -->
