<?xml version="1.0" encoding="UTF-8"?>
<!-- Generated by org.testng.reporters.JUnitReportReporter -->
<testsuite skipped="0" hostname="RHJ-14F-D547" name="com.scripts.iHeart.TS_SuppressRate" tests="1" failures="0" timestamp="13 Feb 2020 13:44:03 GMT" time="411.565" errors="0">
  <testcase name="suppressRate" time="411.565" classname="com.scripts.iHeart.TS_SuppressRate"/>
</testsuite> <!-- com.scripts.iHeart.TS_SuppressRate -->
