<?xml version="1.0" encoding="UTF-8"?>
<!-- Generated by org.testng.reporters.JUnitReportReporter -->
<testsuite skipped="0" hostname="RHJ-14F-D547" name="com.scripts.creditmemo.creation.TS_NS_122_summaryinvoice" tests="1" failures="0" timestamp="11 Mar 2020 13:00:05 GMT" time="1105.274" errors="0">
  <testcase name="TS_NS_122_summaryinvoice" time="1105.274" classname="com.scripts.creditmemo.creation.TS_NS_122_summaryinvoice"/>
</testsuite> <!-- com.scripts.creditmemo.creation.TS_NS_122_summaryinvoice -->
