<?xml version="1.0" encoding="UTF-8"?>
<!-- Generated by org.testng.reporters.JUnitReportReporter -->
<testsuite skipped="0" hostname="RHJ-14F-D547" name="com.scripts.netSuite.issueCreditToClient.issue_Credit_only_Partial_Amount" tests="1" failures="0" timestamp="26 Feb 2020 09:50:09 GMT" time="323.130" errors="0">
  <testcase name="issue_partial_credit" time="323.130" classname="com.scripts.netSuite.issueCreditToClient.issue_Credit_only_Partial_Amount"/>
</testsuite> <!-- com.scripts.netSuite.issueCreditToClient.issue_Credit_only_Partial_Amount -->
