<?xml version="1.0" encoding="UTF-8"?>
<!-- Generated by org.testng.reporters.JUnitReportReporter -->
<testsuite skipped="0" hostname="RHJ-14F-D547" name="com.scripts.netSuite.issueCreditToClient.TS_NS_6633_issue_Credit_to_Client_PartialPaid_CreditToReviseInvoice_Radio" tests="1" failures="0" timestamp="21 Feb 2020 10:35:07 GMT" time="1003.223" errors="0">
  <testcase name="TS_NS_6633_issue_Credit_to_Client_PartialPaid_CreditToReviseInvoice_Radio" time="1003.223" classname="com.scripts.netSuite.issueCreditToClient.TS_NS_6633_issue_Credit_to_Client_PartialPaid_CreditToReviseInvoice_Radio"/>
</testsuite> <!-- com.scripts.netSuite.issueCreditToClient.TS_NS_6633_issue_Credit_to_Client_PartialPaid_CreditToReviseInvoice_Radio -->
