<?xml version="1.0" encoding="UTF-8"?>
<!-- Generated by org.testng.reporters.JUnitReportReporter -->
<testsuite skipped="0" hostname="RHJ-14F-D547" name="com.scripts.netSuite.issueCreditToClient.TS_NS_6629_issue_CreditToClient_PartialPaid_Digital" tests="1" failures="0" timestamp="02 Mar 2020 12:52:27 GMT" time="389.653" errors="0">
  <testcase name="TS_NS_6629_issue_CreditToClient_PartialPaid_Digital" time="389.653" classname="com.scripts.netSuite.issueCreditToClient.TS_NS_6629_issue_CreditToClient_PartialPaid_Digital"/>
</testsuite> <!-- com.scripts.netSuite.issueCreditToClient.TS_NS_6629_issue_CreditToClient_PartialPaid_Digital -->
