<?xml version="1.0" encoding="UTF-8"?>
<!-- Generated by org.testng.reporters.JUnitReportReporter -->
<testsuite skipped="0" hostname="RHJ-14F-D547" name="com.scripts.netSuite.issueCreditToClient.TS_NS_6616_CreditReviseInvoice_TTWN_Validate_Amount_Greater_PartialAmount" tests="1" failures="0" timestamp="20 Feb 2020 12:45:24 GMT" time="42.394" errors="1">
  <testcase name="TS_NS_6613_CreditOnly_Radio_Validate_Amount_Greater_PartialAmount" time="42.394" classname="com.scripts.netSuite.issueCreditToClient.TS_NS_6616_CreditReviseInvoice_TTWN_Validate_Amount_Greater_PartialAmount">
    <error type="junit.framework.AssertionFailedError" message="Adjustment / Special Billing is not found">
      <![CDATA[junit.framework.AssertionFailedError: Adjustment / Special Billing is not found
at junit.framework.Assert.fail(Assert.java:47)
at junit.framework.Assert.assertTrue(Assert.java:20)
at com.framework.Generic.Verify(Generic.java:295)
at com.framework.Generic.navigateMouseToElement(Generic.java:432)
at com.netsuite.common.NS_Billing_AdjustmentAndSpecialBilling.selectAdjRequestInBilling(NS_Billing_AdjustmentAndSpecialBilling.java:1552)
at com.scripts.netSuite.issueCreditToClient.TS_NS_6616_CreditReviseInvoice_TTWN_Validate_Amount_Greater_PartialAmount.TS_NS_6613_CreditOnly_Radio_Validate_Amount_Greater_PartialAmount(TS_NS_6616_CreditReviseInvoice_TTWN_Validate_Amount_Greater_PartialAmount.java:93)
at sun.reflect.NativeMethodAccessorImpl.invoke0(Native Method)
at sun.reflect.NativeMethodAccessorImpl.invoke(Unknown Source)
at sun.reflect.DelegatingMethodAccessorImpl.invoke(Unknown Source)
at java.lang.reflect.Method.invoke(Unknown Source)
at org.testng.internal.MethodInvocationHelper.invokeMethod(MethodInvocationHelper.java:124)
at org.testng.internal.Invoker.invokeMethod(Invoker.java:580)
at org.testng.internal.Invoker.invokeTestMethod(Invoker.java:716)
at org.testng.internal.Invoker.invokeTestMethods(Invoker.java:988)
at org.testng.internal.TestMethodWorker.invokeTestMethods(TestMethodWorker.java:125)
at org.testng.internal.TestMethodWorker.run(TestMethodWorker.java:109)
at org.testng.TestRunner.privateRun(TestRunner.java:648)
at org.testng.TestRunner.run(TestRunner.java:505)
at org.testng.SuiteRunner.runTest(SuiteRunner.java:455)
at org.testng.SuiteRunner.runSequentially(SuiteRunner.java:450)
at org.testng.SuiteRunner.privateRun(SuiteRunner.java:415)
at org.testng.SuiteRunner.run(SuiteRunner.java:364)
at org.testng.SuiteRunnerWorker.runSuite(SuiteRunnerWorker.java:52)
at org.testng.SuiteRunnerWorker.run(SuiteRunnerWorker.java:84)
at org.testng.TestNG.runSuitesSequentially(TestNG.java:1208)
at org.testng.TestNG.runSuitesLocally(TestNG.java:1137)
at org.testng.TestNG.runSuites(TestNG.java:1049)
at org.testng.TestNG.run(TestNG.java:1017)
at org.testng.remote.AbstractRemoteTestNG.run(AbstractRemoteTestNG.java:132)
at org.testng.remote.RemoteTestNG.initAndRun(RemoteTestNG.java:236)
at org.testng.remote.RemoteTestNG.main(RemoteTestNG.java:81)
]]>
    </error>
  </testcase> <!-- TS_NS_6613_CreditOnly_Radio_Validate_Amount_Greater_PartialAmount -->
</testsuite> <!-- com.scripts.netSuite.issueCreditToClient.TS_NS_6616_CreditReviseInvoice_TTWN_Validate_Amount_Greater_PartialAmount -->
