<?xml version="1.0" encoding="UTF-8"?>
<!-- Generated by org.testng.reporters.JUnitReportReporter -->
<testsuite skipped="0" hostname="RHJ-14F-D547" name="com.scripts.netSuite.issueCreditToClient.Credit" tests="1" failures="0" timestamp="21 Feb 2020 11:11:22 GMT" time="0.013" errors="0">
  <testcase name="tc1" time="0.013" classname="com.scripts.netSuite.issueCreditToClient.Credit"/>
</testsuite> <!-- com.scripts.netSuite.issueCreditToClient.Credit -->
