<?xml version="1.0" encoding="UTF-8"?>
<!-- Generated by org.testng.reporters.JUnitReportReporter -->
<testsuite skipped="0" hostname="RHJ-14F-D547" name="com.scripts.creditmemo.creation.TS_NS_19_Creditmemo_Generation_PartialPayment_Notadjusted" tests="1" failures="0" timestamp="11 Mar 2020 13:41:47 GMT" time="96.129" errors="0">
  <testcase name="TS_NS_19_Creditmemo_Generation_PartialPayment_Notadjusted" time="96.129" classname="com.scripts.creditmemo.creation.TS_NS_19_Creditmemo_Generation_PartialPayment_Notadjusted"/>
</testsuite> <!-- com.scripts.creditmemo.creation.TS_NS_19_Creditmemo_Generation_PartialPayment_Notadjusted -->
