<?xml version="1.0" encoding="UTF-8"?>
<!-- Generated by org.testng.reporters.JUnitReportReporter -->
<testsuite skipped="0" hostname="RHJ-14F-D547" name="com.scripts.iHeart.TS_NS_6706_ChangeInvoiceaddress_iHeart" tests="1" failures="0" timestamp="13 Feb 2020 13:57:22 GMT" time="369.397" errors="0">
  <testcase name="changeAddress" time="369.397" classname="com.scripts.iHeart.TS_NS_6706_ChangeInvoiceaddress_iHeart"/>
</testsuite> <!-- com.scripts.iHeart.TS_NS_6706_ChangeInvoiceaddress_iHeart -->
