<?xml version="1.0" encoding="UTF-8"?>
<!-- Generated by org.testng.reporters.JUnitReportReporter -->
<testsuite skipped="0" hostname="RHJ-14F-D547" name="com.scripts.creditmemo.creation.TS_NS_126_SpotOnly_Invoice_Rebill_withAgency_commision" tests="1" failures="0" timestamp="11 Mar 2020 14:01:28 GMT" time="215.650" errors="0">
  <testcase name="TS_NS_126_SpotOnly_Invoice_Rebill_withAgency_commision" time="215.650" classname="com.scripts.creditmemo.creation.TS_NS_126_SpotOnly_Invoice_Rebill_withAgency_commision"/>
</testsuite> <!-- com.scripts.creditmemo.creation.TS_NS_126_SpotOnly_Invoice_Rebill_withAgency_commision -->
