<?xml version="1.0" encoding="UTF-8"?>
<!-- Generated by org.testng.reporters.JUnitReportReporter -->
<testsuite skipped="0" hostname="RHJ-14F-D547" name="com.scripts.iHeart.TS_NS_6711_Market_Approval_WorkFlow_Below5K" tests="1" failures="0" timestamp="17 Feb 2020 10:43:04 GMT" time="267.424" errors="0">
  <testcase name="issueCreditToclient" time="267.424" classname="com.scripts.iHeart.TS_NS_6711_Market_Approval_WorkFlow_Below5K"/>
</testsuite> <!-- com.scripts.iHeart.TS_NS_6711_Market_Approval_WorkFlow_Below5K -->
